<?xml version="1.0" encoding="UTF-8"?>
<!-- Generated by org.testng.reporters.JUnitReportReporter -->
<testsuite hostname="TINMA2-LW1-0046" failures="0" tests="1" name="com.gl.Transcript" time="46.626" errors="0" timestamp="2024-02-28T18:49:10 IST" skipped="0">
  <testcase classname="com.gl.Transcript" name="test" time="46.626"/>
</testsuite> <!-- com.gl.Transcript -->
