<?xml version="1.0" encoding="UTF-8"?>
<!-- Generated by org.testng.reporters.JUnitReportReporter -->
<testsuite hostname="TINMA2-LW1-0046" failures="0" tests="1" name="com.gl.LearningPlan" time="54.886" errors="0" timestamp="2024-02-29T12:37:57 IST" skipped="0">
  <testcase classname="com.gl.LearningPlan" name="t1" time="54.886"/>
</testsuite> <!-- com.gl.LearningPlan -->
